<!DOCTYPE html PUBLIC "-//W3C//DTD XHTML 1.1//EN" "https://www.w3.org/TR/xhtml11/DTD/xhtml11.dtd">
<html xmlns="https://www.w3.org/1999/xhtml">
<head>
<meta http-equiv="content-type" content="text/html; charset=UTF-8"/>
<title>TestNG Report</title>
<style type="text/css">table {margin-bottom:10px;border-collapse:collapse;empty-cells:show}th,td {border:1px solid #009;padding:.25em .5em}th {vertical-align:bottom}td {vertical-align:top}table a {font-weight:bold}.stripe td {background-color: #E6EBF9}.num {text-align:right}.passedodd td {background-color: #3F3}.passedeven td {background-color: #0A0}.skippedodd td {background-color: #DDD}.skippedeven td {background-color: #CCC}.failedodd td,.attn {background-color: #F33}.failedeven td,.stripe .attn {background-color: #D00}.stacktrace {white-space:pre;font-family:monospace}.totop {font-size:85%;text-align:center;border-bottom:2px solid #000}.invisible {display:none}</style>
</head>
<body>
<table>
<tr><th>Test</th><th># Passed</th><th># Skipped</th><th># Retried</th><th># Failed</th><th>Time (ms)</th><th>Included Groups</th><th>Excluded Groups</th></tr>
<tr><th colspan="8">Suite</th></tr>
<tr><td><a href="#t0">TestPackages</a></td><td class="num">15</td><td class="num attn">3</td><td class="num">0</td><td class="num attn">2</td><td class="num">518,063</td><td></td><td></td></tr>
</table>
<table id='summary'><thead><tr><th>Class</th><th>Method</th><th>Start</th><th>Time (ms)</th></tr></thead><tbody><tr><th colspan="4">Suite</th></tr></tbody><tbody id="t0"><tr><th colspan="4">TestPackages &#8212; failed</th></tr><tr class="failedeven"><td rowspan="1">leaveTests.TestAddEntitlement</td><td><a href="#m0">testValidateTabs</a></td><td rowspan="1">1696501665004</td><td rowspan="1">10374</td></tr><tr class="failedodd"><td rowspan="1">recruitmentPageTests.TestVacanciesCandidature</td><td><a href="#m1">testCreateVacancy</a></td><td rowspan="1">1696501887765</td><td rowspan="1">22745</td></tr><tr><th colspan="4">TestPackages &#8212; skipped</th></tr><tr class="skippedeven"><td rowspan="3">recruitmentPageTests.TestVacanciesCandidature</td><td><a href="#m2">testCreateCandidate</a></td><td rowspan="1">1696501911299</td><td rowspan="1">1</td></tr><tr class="skippedeven"><td><a href="#m3">testVacancySearch</a></td><td rowspan="1">1696501911292</td><td rowspan="1">0</td></tr><tr class="skippedeven"><td><a href="#m4">testsearchCandidature</a></td><td rowspan="1">1696501911310</td><td rowspan="1">0</td></tr><tr><th colspan="4">TestPackages &#8212; passed</th></tr><tr class="passedeven"><td rowspan="2">claimTests.TestOrangeAssignClaim</td><td><a href="#m5">testAssignClaim</a></td><td rowspan="1">1696501488864</td><td rowspan="1">53175</td></tr><tr class="passedeven"><td><a href="#m6">testAssignClaimremarks</a></td><td rowspan="1">1696501542344</td><td rowspan="1">24474</td></tr><tr class="passedodd"><td rowspan="3">claimTests.TestOrangeCreateClaim</td><td><a href="#m7">testCancelclaim</a></td><td rowspan="1">1696501804805</td><td rowspan="1">22686</td></tr><tr class="passedodd"><td><a href="#m8">testCreateClaim</a></td><td rowspan="1">1696501827647</td><td rowspan="1">31526</td></tr><tr class="passedodd"><td><a href="#m9">testCreateClaimRemarks</a></td><td rowspan="1">1696501859344</td><td rowspan="1">14555</td></tr><tr class="passedeven"><td rowspan="1">claimTests.TestOrangeDashboardClaim</td><td><a href="#m10">testClaimDashboard</a></td><td rowspan="1">1696501929256</td><td rowspan="1">24229</td></tr><tr class="passedodd"><td rowspan="1">homePageTests.TestHomePageSections</td><td><a href="#m11">testDashboardSections</a></td><td rowspan="1">1696501743932</td><td rowspan="1">13083</td></tr><tr class="passedeven"><td rowspan="1">leaveTests.TestAddEntitlement</td><td><a href="#m12">testLeaveEntitlement</a></td><td rowspan="1">1696501581502</td><td rowspan="1">83436</td></tr><tr class="passedodd"><td rowspan="3">loginTests.TestOrangeUserLogin</td><td><a href="#m13">testInvalidAdminLogin</a></td><td rowspan="1">1696501453397</td><td rowspan="1">10235</td></tr><tr class="passedodd"><td><a href="#m14">testValidAdminLogin</a></td><td rowspan="2">1696501469157</td><td rowspan="2">4934</td></tr><tr class="passedodd"><td><a href="#m15">testValidAdminLogin</a></td></tr><tr class="passedeven"><td rowspan="3">pimTests.TestPIMFunctionality</td><td><a href="#m16">testCreateUser</a></td><td rowspan="1">1696501691135</td><td rowspan="1">26682</td></tr><tr class="passedeven"><td><a href="#m17">testCustomUserLogin</a></td><td rowspan="1">1696501724978</td><td rowspan="1">3858</td></tr><tr class="passedeven"><td><a href="#m18">testPIMPageLinks</a></td><td rowspan="1">1696501717950</td><td rowspan="1">7022</td></tr><tr class="passedodd"><td rowspan="1">recruitmentPageTests.TestRecruitmentPageTabs</td><td><a href="#m19">testRecruitmentPageTabs</a></td><td rowspan="1">1696501771587</td><td rowspan="1">18504</td></tr></tbody>
</table>
<h2>TestPackages</h2><h3 id="m0">leaveTests.TestAddEntitlement#testValidateTabs</h3><table class="result"><tr class="param"><th>Parameter #1</th></tr><tr class="param stripe"><td>{Username=Admin, Password=admin123}</td></tr><tr><th>Exception</th></tr><tr><td><div class="stacktrace">org.openqa.selenium.TimeoutException: Expected condition failed: waiting for presence of element located by: By.name: username (tried for 10 second(s) with 500 milliseconds interval)
	at org.openqa.selenium.support.ui.WebDriverWait.timeoutException(WebDriverWait.java:84)
	at org.openqa.selenium.support.ui.FluentWait.until(FluentWait.java:230)
	at pages.O_LoginPage.setUserName(O_LoginPage.java:36)
	at leaveTests.TestAddEntitlement.testValidateTabs(TestAddEntitlement.java:13)
	at java.base/java.util.ArrayList.forEach(ArrayList.java:1511)
Caused by: org.openqa.selenium.NoSuchElementException: no such element: Unable to locate element: {&quot;method&quot;:&quot;css selector&quot;,&quot;selector&quot;:&quot;*[name=&apos;username&apos;]&quot;}
  (Session info: chrome=117.0.5938.149)
For documentation on this error, please visit: https://www.selenium.dev/documentation/webdriver/troubleshooting/errors#no-such-element-exception
Build info: version: &apos;4.11.0&apos;, revision: &apos;040bc5406b&apos;
System info: os.name: &apos;Windows 10&apos;, os.arch: &apos;amd64&apos;, os.version: &apos;10.0&apos;, java.version: &apos;17.0.8&apos;
Driver info: org.openqa.selenium.chrome.ChromeDriver
Command: [27a3a263566ca073a7a357d22e7e401c, findElement {using=name, value=username}]
Capabilities {acceptInsecureCerts: false, browserName: chrome, browserVersion: 117.0.5938.149, chrome: {chromedriverVersion: 117.0.5938.149 (e3344ddefa1..., userDataDir: C:\Users\U1230894\AppData\L...}, fedcm:accounts: true, goog:chromeOptions: {debuggerAddress: localhost:51751}, networkConnectionEnabled: false, pageLoadStrategy: normal, platformName: windows, proxy: Proxy(), se:cdp: ws://localhost:51751/devtoo..., se:cdpVersion: 117.0.5938.149, setWindowRect: true, strictFileInteractability: false, timeouts: {implicit: 0, pageLoad: 300000, script: 30000}, unhandledPromptBehavior: dismiss and notify, webauthn:extension:credBlob: true, webauthn:extension:largeBlob: true, webauthn:extension:minPinLength: true, webauthn:extension:prf: true, webauthn:virtualAuthenticators: true}
Session ID: 27a3a263566ca073a7a357d22e7e401c
	at org.openqa.selenium.remote.codec.w3c.W3CHttpResponseCodec.createException(W3CHttpResponseCodec.java:200)
	at org.openqa.selenium.remote.codec.w3c.W3CHttpResponseCodec.decode(W3CHttpResponseCodec.java:133)
	at org.openqa.selenium.remote.codec.w3c.W3CHttpResponseCodec.decode(W3CHttpResponseCodec.java:52)
	at org.openqa.selenium.remote.HttpCommandExecutor.execute(HttpCommandExecutor.java:191)
	at org.openqa.selenium.remote.service.DriverCommandExecutor.invokeExecute(DriverCommandExecutor.java:196)
	at org.openqa.selenium.remote.service.DriverCommandExecutor.execute(DriverCommandExecutor.java:171)
	at org.openqa.selenium.remote.RemoteWebDriver.execute(RemoteWebDriver.java:518)
	at org.openqa.selenium.remote.ElementLocation$ElementFinder$2.findElement(ElementLocation.java:165)
	at org.openqa.selenium.remote.ElementLocation.findElement(ElementLocation.java:59)
	at org.openqa.selenium.remote.RemoteWebDriver.findElement(RemoteWebDriver.java:355)
	at org.openqa.selenium.remote.RemoteWebDriver.findElement(RemoteWebDriver.java:349)
	at org.openqa.selenium.support.ui.ExpectedConditions$6.apply(ExpectedConditions.java:171)
	at org.openqa.selenium.support.ui.ExpectedConditions$6.apply(ExpectedConditions.java:168)
	at org.openqa.selenium.support.ui.FluentWait.until(FluentWait.java:205)
	... 30 more
... Removed 31 stack frames</div></td></tr></table><p class="totop"><a href="#summary">back to summary</a></p>
<h3 id="m1">recruitmentPageTests.TestVacanciesCandidature#testCreateVacancy</h3><table class="result"><tr class="param"><th>Parameter #1</th></tr><tr class="param stripe"><td>{Username=Admin, Password=admin123, VacancyName=Vacancy for CapstoneProject, JobTitle=QA Lead, Description=Automation Tester, HiringManager=Orange Test, NumOfPositions=2}</td></tr><tr><th>Exception</th></tr><tr><td><div class="stacktrace">org.openqa.selenium.NoSuchElementException: no such element: Unable to locate element: {&quot;method&quot;:&quot;xpath&quot;,&quot;selector&quot;:&quot;//div[@class=&apos;oxd-autocomplete-option&apos;]&quot;}
  (Session info: chrome=117.0.5938.149)
For documentation on this error, please visit: https://www.selenium.dev/documentation/webdriver/troubleshooting/errors#no-such-element-exception
Build info: version: &apos;4.11.0&apos;, revision: &apos;040bc5406b&apos;
System info: os.name: &apos;Windows 10&apos;, os.arch: &apos;amd64&apos;, os.version: &apos;10.0&apos;, java.version: &apos;17.0.8&apos;
Driver info: org.openqa.selenium.chrome.ChromeDriver
Command: [8325dd918c773bfb998c76f28586b8d6, findElement {using=xpath, value=//div[@class=&apos;oxd-autocomplete-option&apos;]}]
Capabilities {acceptInsecureCerts: false, browserName: chrome, browserVersion: 117.0.5938.149, chrome: {chromedriverVersion: 117.0.5938.149 (e3344ddefa1..., userDataDir: C:\Users\U1230894\AppData\L...}, fedcm:accounts: true, goog:chromeOptions: {debuggerAddress: localhost:52154}, networkConnectionEnabled: false, pageLoadStrategy: normal, platformName: windows, proxy: Proxy(), se:cdp: ws://localhost:52154/devtoo..., se:cdpVersion: 117.0.5938.149, setWindowRect: true, strictFileInteractability: false, timeouts: {implicit: 0, pageLoad: 300000, script: 30000}, unhandledPromptBehavior: dismiss and notify, webauthn:extension:credBlob: true, webauthn:extension:largeBlob: true, webauthn:extension:minPinLength: true, webauthn:extension:prf: true, webauthn:virtualAuthenticators: true}
Session ID: 8325dd918c773bfb998c76f28586b8d6
	at org.openqa.selenium.remote.codec.w3c.W3CHttpResponseCodec.createException(W3CHttpResponseCodec.java:200)
	at org.openqa.selenium.remote.codec.w3c.W3CHttpResponseCodec.decode(W3CHttpResponseCodec.java:133)
	at org.openqa.selenium.remote.codec.w3c.W3CHttpResponseCodec.decode(W3CHttpResponseCodec.java:52)
	at org.openqa.selenium.remote.HttpCommandExecutor.execute(HttpCommandExecutor.java:191)
	at org.openqa.selenium.remote.service.DriverCommandExecutor.invokeExecute(DriverCommandExecutor.java:196)
	at org.openqa.selenium.remote.service.DriverCommandExecutor.execute(DriverCommandExecutor.java:171)
	at org.openqa.selenium.remote.RemoteWebDriver.execute(RemoteWebDriver.java:518)
	at org.openqa.selenium.remote.ElementLocation$ElementFinder$2.findElement(ElementLocation.java:165)
	at org.openqa.selenium.remote.ElementLocation.findElement(ElementLocation.java:59)
	at org.openqa.selenium.remote.RemoteWebDriver.findElement(RemoteWebDriver.java:355)
	at org.openqa.selenium.remote.RemoteWebDriver.findElement(RemoteWebDriver.java:349)
	at pages.O_RecruitmentPage.setHiringManager(O_RecruitmentPage.java:111)
	at recruitmentPageTests.TestVacanciesCandidature.testCreateVacancy(TestVacanciesCandidature.java:34)
	at java.base/java.util.ArrayList.forEach(ArrayList.java:1511)
... Removed 31 stack frames</div></td></tr></table><p class="totop"><a href="#summary">back to summary</a></p>
<h3 id="m2">recruitmentPageTests.TestVacanciesCandidature#testCreateCandidate</h3><table class="result"><tr><th>Exception</th></tr><tr><td><div class="stacktrace">java.lang.Throwable: Method recruitmentPageTests.TestVacanciesCandidature.testCreateCandidate() on instance recruitmentPageTests.TestVacanciesCandidature@5db6b9cd depends on not successfully finished methods 
[recruitmentPageTests.TestVacanciesCandidature.testVacancySearch() on instance recruitmentPageTests.TestVacanciesCandidature@5db6b9cd]
	at java.base/java.util.ArrayList.forEach(ArrayList.java:1511)
... Removed 18 stack frames</div></td></tr></table><p class="totop"><a href="#summary">back to summary</a></p>
<h3 id="m3">recruitmentPageTests.TestVacanciesCandidature#testVacancySearch</h3><table class="result"><tr><th>Exception</th></tr><tr><td><div class="stacktrace">java.lang.Throwable: Method recruitmentPageTests.TestVacanciesCandidature.testVacancySearch() on instance recruitmentPageTests.TestVacanciesCandidature@5db6b9cd depends on not successfully finished methods 
[recruitmentPageTests.TestVacanciesCandidature.testCreateVacancy() on instance recruitmentPageTests.TestVacanciesCandidature@5db6b9cd]
	at java.base/java.util.ArrayList.forEach(ArrayList.java:1511)
... Removed 18 stack frames</div></td></tr></table><p class="totop"><a href="#summary">back to summary</a></p>
<h3 id="m4">recruitmentPageTests.TestVacanciesCandidature#testsearchCandidature</h3><table class="result"><tr><th>Exception</th></tr><tr><td><div class="stacktrace">java.lang.Throwable: Method recruitmentPageTests.TestVacanciesCandidature.testsearchCandidature() on instance recruitmentPageTests.TestVacanciesCandidature@5db6b9cd depends on not successfully finished methods 
[recruitmentPageTests.TestVacanciesCandidature.testCreateCandidate() on instance recruitmentPageTests.TestVacanciesCandidature@5db6b9cd]
	at java.base/java.util.ArrayList.forEach(ArrayList.java:1511)
... Removed 18 stack frames</div></td></tr></table><p class="totop"><a href="#summary">back to summary</a></p>
<h3 id="m5">claimTests.TestOrangeAssignClaim#testAssignClaim</h3><table class="result"><tr class="param"><th>Parameter #1</th></tr><tr class="param stripe"><td>{Username=Admin, Password=admin123, Event_select=Travel Allowance, Currency_select=Afghanistan Afghani, Remarks=Added Claim , FirstName=Christian, MiddleName=John, LastName=Bale}</td></tr></table><p class="totop"><a href="#summary">back to summary</a></p>
<h3 id="m6">claimTests.TestOrangeAssignClaim#testAssignClaimremarks</h3><table class="result"><tr class="param"><th>Parameter #1</th></tr><tr class="param stripe"><td>{Username=Admin, Password=admin123, Event_select=Travel Allowance, Currency_select=Afghanistan Afghani, Remarks=Added Claim , FirstName=Christian, MiddleName=John, LastName=Bale, =}</td></tr></table><p class="totop"><a href="#summary">back to summary</a></p>
<h3 id="m7">claimTests.TestOrangeCreateClaim#testCancelclaim</h3><table class="result"><tr class="param"><th>Parameter #1</th></tr><tr class="param stripe"><td>{Username=Admin, Password=admin123, Event_select=Travel Allowance, Currency_select=Afghanistan Afghani, Remarks=Added Claim}</td></tr></table><p class="totop"><a href="#summary">back to summary</a></p>
<h3 id="m8">claimTests.TestOrangeCreateClaim#testCreateClaim</h3><table class="result"><tr class="param"><th>Parameter #1</th></tr><tr class="param stripe"><td>{Username=Admin, Password=admin123, Event_select=Travel Allowance, Currency_select=Afghanistan Afghani, =, Remarks=Added Claim , Notes=Added expense, Amount=2000.0}</td></tr></table><p class="totop"><a href="#summary">back to summary</a></p>
<h3 id="m9">claimTests.TestOrangeCreateClaim#testCreateClaimRemarks</h3><table class="result"><tr class="param"><th>Parameter #1</th></tr><tr class="param stripe"><td>{Username=Admin, Password=admin123, Event_select=Travel Allowance, Currency_select=Afghanistan Afghani, =, Remarks=Added Claim , Notes=Added expense, Amount=2000.0}</td></tr></table><p class="totop"><a href="#summary">back to summary</a></p>
<h3 id="m10">claimTests.TestOrangeDashboardClaim#testClaimDashboard</h3><table class="result"><tr class="param"><th>Parameter #1</th></tr><tr class="param stripe"><td>{Username=Admin, Password=admin123, Header1=Submit Claim, Header2=My Claims, Header3=Employee Claims, Header4=Assign Claim, Header5=Configuration}</td></tr></table><p class="totop"><a href="#summary">back to summary</a></p>
<h3 id="m11">homePageTests.TestHomePageSections#testDashboardSections</h3><table class="result"><tr class="param"><th>Parameter #1</th></tr><tr class="param stripe"><td>{Username=Admin, Password=admin123, Sections=Time at Work;My Actions;Quick Launch;Buzz Latest Posts;Employees on Leave Today;Employee Distribution by Sub Unit;Employee Distribution by Location}</td></tr></table><p class="totop"><a href="#summary">back to summary</a></p>
<h3 id="m12">leaveTests.TestAddEntitlement#testLeaveEntitlement</h3><table class="result"><tr class="param"><th>Parameter #1</th></tr><tr class="param stripe"><td>{Username=Admin, Password=admin123, Leave_Type=CAN - Vacation}</td></tr></table><p class="totop"><a href="#summary">back to summary</a></p>
<h3 id="m13">loginTests.TestOrangeUserLogin#testInvalidAdminLogin</h3><table class="result"><tr class="param"><th>Parameter #1</th></tr><tr class="param stripe"><td>{Username=invalidUserName, Password=invalidPassword}</td></tr></table><p class="totop"><a href="#summary">back to summary</a></p>
<h3 id="m14">loginTests.TestOrangeUserLogin#testValidAdminLogin</h3><table class="result"><tr class="param"><th>Parameter #1</th></tr><tr class="param stripe"><td>{Username=admin, Password=admin123}</td></tr></table><p class="totop"><a href="#summary">back to summary</a></p>
<h3 id="m15">loginTests.TestOrangeUserLogin#testValidAdminLogin</h3><table class="result"><tr class="param"><th>Parameter #1</th></tr><tr class="param stripe"><td>{Username=Admin, Password=admin123}</td></tr></table><p class="totop"><a href="#summary">back to summary</a></p>
<h3 id="m16">pimTests.TestPIMFunctionality#testCreateUser</h3><table class="result"><tr class="param"><th>Parameter #1</th></tr><tr class="param stripe"><td>{Username=Admin, Password=admin123, FirstName=Harry, MiddleName=James, LastName=Potter}</td></tr></table><p class="totop"><a href="#summary">back to summary</a></p>
<h3 id="m17">pimTests.TestPIMFunctionality#testCustomUserLogin</h3><table class="result"><tr><th class="invisible"/></tr></table><p class="totop"><a href="#summary">back to summary</a></p>
<h3 id="m18">pimTests.TestPIMFunctionality#testPIMPageLinks</h3><table class="result"><tr class="param"><th>Parameter #1</th></tr><tr class="param stripe"><td>{Username=Admin, Password=admin123, TabNames=Employee List;Add Employee;Reports}</td></tr></table><p class="totop"><a href="#summary">back to summary</a></p>
<h3 id="m19">recruitmentPageTests.TestRecruitmentPageTabs#testRecruitmentPageTabs</h3><table class="result"><tr class="param"><th>Parameter #1</th></tr><tr class="param stripe"><td>{Username=Admin, Password=admin123, Tabs=Candidates;Vacancies}</td></tr></table><p class="totop"><a href="#summary">back to summary</a></p>
</body>
</html>
